2015-08-12 23:46:19,706 CRIT Supervisor running as root (no user in config file)
2015-08-12 23:46:19,706 WARN Included extra file "/etc/supervisor/conf.d/supervisord-nginx.conf" during parsing
2015-08-12 23:46:19,748 INFO RPC interface 'supervisor' initialized
2015-08-12 23:46:19,748 CRIT Server 'unix_http_server' running without any HTTP authentication checking
2015-08-12 23:46:19,748 INFO supervisord started with pid 9
2015-08-12 23:46:20,752 INFO spawned: 'nginx' with pid 41
2015-08-12 23:46:20,777 INFO exited: nginx (exit status 1; not expected)
2015-08-12 23:46:21,781 INFO spawned: 'nginx' with pid 42
2015-08-12 23:46:21,806 INFO exited: nginx (exit status 1; not expected)
2015-08-12 23:46:23,812 INFO spawned: 'nginx' with pid 43
2015-08-12 23:46:23,888 INFO exited: nginx (exit status 1; not expected)
2015-08-12 23:46:26,897 INFO spawned: 'nginx' with pid 44
2015-08-12 23:46:26,919 INFO exited: nginx (exit status 1; not expected)
2015-08-12 23:46:30,932 INFO spawned: 'nginx' with pid 45
2015-08-12 23:46:30,955 INFO exited: nginx (exit status 1; not expected)
2015-08-12 23:46:35,968 INFO spawned: 'nginx' with pid 46
2015-08-12 23:46:35,989 INFO exited: nginx (exit status 1; not expected)
2015-08-12 23:46:42,001 INFO spawned: 'nginx' with pid 47
2015-08-12 23:46:42,022 INFO exited: nginx (exit status 1; not expected)
2015-08-12 23:46:49,036 INFO spawned: 'nginx' with pid 48
2015-08-12 23:46:49,056 INFO exited: nginx (exit status 1; not expected)
2015-08-12 23:46:57,070 INFO spawned: 'nginx' with pid 49
2015-08-12 23:46:57,090 INFO exited: nginx (exit status 1; not expected)
2015-08-12 23:47:06,107 INFO spawned: 'nginx' with pid 50
2015-08-12 23:47:06,128 INFO exited: nginx (exit status 1; not expected)
2015-08-12 23:47:16,147 INFO spawned: 'nginx' with pid 51
2015-08-12 23:47:16,174 INFO exited: nginx (exit status 1; not expected)
2015-08-12 23:47:27,194 INFO spawned: 'nginx' with pid 52
2015-08-12 23:47:27,220 INFO exited: nginx (exit status 1; not expected)
2015-08-12 23:47:39,237 INFO spawned: 'nginx' with pid 53
2015-08-12 23:47:39,263 INFO exited: nginx (exit status 1; not expected)
2015-08-12 23:47:52,290 INFO spawned: 'nginx' with pid 54
2015-08-12 23:47:52,319 INFO exited: nginx (exit status 1; not expected)
2015-08-12 23:48:06,341 INFO spawned: 'nginx' with pid 55
2015-08-12 23:48:06,360 INFO exited: nginx (exit status 1; not expected)
2015-08-12 23:48:21,385 INFO spawned: 'nginx' with pid 56
2015-08-12 23:48:21,412 INFO exited: nginx (exit status 1; not expected)
2015-08-12 23:48:37,441 INFO spawned: 'nginx' with pid 57
2015-08-12 23:48:37,459 INFO exited: nginx (exit status 1; not expected)
2015-08-12 23:48:54,492 INFO spawned: 'nginx' with pid 58
2015-08-12 23:48:54,517 INFO exited: nginx (exit status 1; not expected)
2015-08-12 23:49:12,546 INFO spawned: 'nginx' with pid 59
2015-08-12 23:49:12,565 INFO exited: nginx (exit status 1; not expected)
2015-08-12 23:49:31,598 INFO spawned: 'nginx' with pid 60
2015-08-12 23:49:31,622 INFO exited: nginx (exit status 1; not expected)
2015-08-12 23:49:51,660 INFO spawned: 'nginx' with pid 61
2015-08-12 23:49:51,687 INFO exited: nginx (exit status 1; not expected)
2015-08-12 23:50:12,727 INFO spawned: 'nginx' with pid 62
2015-08-12 23:50:12,753 INFO exited: nginx (exit status 1; not expected)
2015-08-12 23:50:34,786 INFO spawned: 'nginx' with pid 63
2015-08-12 23:50:34,812 INFO exited: nginx (exit status 1; not expected)
2015-08-12 23:50:57,855 INFO spawned: 'nginx' with pid 64
2015-08-12 23:50:57,882 INFO exited: nginx (exit status 1; not expected)
2015-08-12 23:51:17,568 WARN received SIGTERM indicating exit request
2015-08-12 23:51:18,768 CRIT Supervisor running as root (no user in config file)
2015-08-12 23:51:18,768 WARN Included extra file "/etc/supervisor/conf.d/supervisord-nginx.conf" during parsing
2015-08-12 23:51:18,799 INFO RPC interface 'supervisor' initialized
2015-08-12 23:51:18,799 CRIT Server 'unix_http_server' running without any HTTP authentication checking
2015-08-12 23:51:18,800 INFO supervisord started with pid 1
2015-08-12 23:51:19,803 INFO spawned: 'nginx' with pid 8
2015-08-12 23:51:19,829 INFO exited: nginx (exit status 1; not expected)
2015-08-12 23:51:20,833 INFO spawned: 'nginx' with pid 9
2015-08-12 23:51:20,856 INFO exited: nginx (exit status 1; not expected)
2015-08-12 23:51:22,861 INFO spawned: 'nginx' with pid 10
2015-08-12 23:51:22,884 INFO exited: nginx (exit status 1; not expected)
2015-08-12 23:51:25,890 INFO spawned: 'nginx' with pid 11
2015-08-12 23:51:25,915 INFO exited: nginx (exit status 1; not expected)
2015-08-12 23:51:29,924 INFO spawned: 'nginx' with pid 12
2015-08-12 23:51:29,947 INFO exited: nginx (exit status 1; not expected)
2015-08-12 23:51:34,959 INFO spawned: 'nginx' with pid 13
2015-08-12 23:51:34,983 INFO exited: nginx (exit status 1; not expected)
2015-08-12 23:51:40,995 INFO spawned: 'nginx' with pid 14
2015-08-12 23:51:41,071 INFO exited: nginx (exit status 1; not expected)
2015-08-12 23:51:48,085 INFO spawned: 'nginx' with pid 15
2015-08-12 23:51:48,106 INFO exited: nginx (exit status 1; not expected)
2015-08-12 23:51:56,125 INFO spawned: 'nginx' with pid 16
2015-08-12 23:51:56,153 INFO exited: nginx (exit status 1; not expected)
2015-08-12 23:52:05,169 INFO spawned: 'nginx' with pid 17
2015-08-12 23:52:05,196 INFO exited: nginx (exit status 1; not expected)
2015-08-12 23:52:15,218 INFO spawned: 'nginx' with pid 18
2015-08-12 23:52:15,238 INFO exited: nginx (exit status 1; not expected)
2015-08-12 23:52:26,253 INFO spawned: 'nginx' with pid 19
2015-08-12 23:52:26,273 INFO exited: nginx (exit status 1; not expected)
2015-08-12 23:52:38,290 INFO spawned: 'nginx' with pid 20
2015-08-12 23:52:38,312 INFO exited: nginx (exit status 1; not expected)
2015-08-12 23:52:51,339 INFO spawned: 'nginx' with pid 21
2015-08-12 23:52:51,362 INFO exited: nginx (exit status 1; not expected)
2015-08-12 23:53:05,386 INFO spawned: 'nginx' with pid 22
2015-08-12 23:53:05,407 INFO exited: nginx (exit status 1; not expected)
2015-08-12 23:53:20,437 INFO spawned: 'nginx' with pid 23
2015-08-12 23:53:20,461 INFO exited: nginx (exit status 1; not expected)
2015-08-12 23:53:36,489 INFO spawned: 'nginx' with pid 24
2015-08-12 23:53:36,508 INFO exited: nginx (exit status 1; not expected)
2015-08-12 23:53:53,537 INFO spawned: 'nginx' with pid 25
2015-08-12 23:53:53,560 INFO exited: nginx (exit status 1; not expected)
2015-08-12 23:54:11,587 INFO spawned: 'nginx' with pid 26
2015-08-12 23:54:11,605 INFO exited: nginx (exit status 1; not expected)
2015-08-12 23:54:30,627 INFO spawned: 'nginx' with pid 27
2015-08-12 23:54:30,652 INFO exited: nginx (exit status 1; not expected)
