2016-04-09 00:37:10,843 CRIT Supervisor running as root (no user in config file)
2016-04-09 00:37:10,843 WARN Included extra file "/etc/supervisor/conf.d/supervisord.conf" during parsing
2016-04-09 00:37:10,881 INFO RPC interface 'supervisor' initialized
2016-04-09 00:37:10,882 CRIT Server 'unix_http_server' running without any HTTP authentication checking
2016-04-09 00:37:10,883 INFO daemonizing the supervisord process
2016-04-09 00:37:53,215 CRIT Supervisor running as root (no user in config file)
2016-04-09 00:37:53,215 WARN Included extra file "/etc/supervisor/conf.d/supervisord.conf" during parsing
2016-04-09 00:37:53,546 INFO RPC interface 'supervisor' initialized
2016-04-09 00:37:53,554 CRIT Server 'unix_http_server' running without any HTTP authentication checking
2016-04-09 00:39:51,804 CRIT Supervisor running as root (no user in config file)
2016-04-09 00:39:51,804 WARN Included extra file "/etc/supervisor/conf.d/supervisord.conf" during parsing
2016-04-09 00:39:52,123 INFO RPC interface 'supervisor' initialized
2016-04-09 00:39:52,123 CRIT Server 'unix_http_server' running without any HTTP authentication checking
2016-04-09 00:40:01,754 CRIT Supervisor running as root (no user in config file)
2016-04-09 00:40:01,755 WARN Included extra file "/etc/supervisor/conf.d/supervisord.conf" during parsing
2016-04-09 00:40:02,083 INFO RPC interface 'supervisor' initialized
2016-04-09 00:40:02,083 CRIT Server 'unix_http_server' running without any HTTP authentication checking
2016-04-09 00:40:18,299 CRIT Supervisor running as root (no user in config file)
2016-04-09 00:40:18,300 WARN Included extra file "/etc/supervisor/conf.d/supervisord.conf" during parsing
2016-04-09 00:40:18,622 INFO RPC interface 'supervisor' initialized
2016-04-09 00:40:18,623 CRIT Server 'unix_http_server' running without any HTTP authentication checking
2016-04-09 00:40:18,623 INFO daemonizing the supervisord process
2016-04-09 00:44:24,797 CRIT Supervisor running as root (no user in config file)
2016-04-09 00:44:24,798 WARN Included extra file "/etc/supervisor/conf.d/supervisord.conf" during parsing
2016-04-09 00:44:24,814 INFO RPC interface 'supervisor' initialized
2016-04-09 00:44:24,815 CRIT Server 'unix_http_server' running without any HTTP authentication checking
2016-04-09 00:44:24,816 INFO daemonizing the supervisord process
2016-04-09 00:46:36,392 CRIT Supervisor running as root (no user in config file)
2016-04-09 00:46:36,393 WARN Included extra file "/etc/supervisor/conf.d/supervisord.conf" during parsing
2016-04-09 00:46:36,710 INFO RPC interface 'supervisor' initialized
2016-04-09 00:46:36,711 CRIT Server 'unix_http_server' running without any HTTP authentication checking
2016-04-09 00:54:08,718 CRIT Supervisor running as root (no user in config file)
2016-04-09 00:54:08,719 WARN Included extra file "/etc/supervisor/conf.d/supervisord.conf" during parsing
2016-04-09 00:54:09,040 INFO RPC interface 'supervisor' initialized
2016-04-09 00:54:09,040 CRIT Server 'unix_http_server' running without any HTTP authentication checking
2016-04-09 00:54:18,252 CRIT Supervisor running as root (no user in config file)
2016-04-09 00:54:18,253 WARN Included extra file "/etc/supervisor/conf.d/supervisord.conf" during parsing
2016-04-09 00:54:18,302 INFO RPC interface 'supervisor' initialized
2016-04-09 00:54:18,302 CRIT Server 'unix_http_server' running without any HTTP authentication checking
2016-04-09 00:58:52,345 CRIT Supervisor running as root (no user in config file)
2016-04-09 00:58:52,345 WARN Included extra file "/etc/supervisor/conf.d/supervisord.conf" during parsing
2016-04-09 00:58:52,361 INFO RPC interface 'supervisor' initialized
2016-04-09 00:58:52,361 CRIT Server 'unix_http_server' running without any HTTP authentication checking
2016-04-09 00:58:52,362 INFO daemonizing the supervisord process
2016-04-09 01:00:58,230 CRIT Supervisor running as root (no user in config file)
2016-04-09 01:00:58,231 WARN Included extra file "/etc/supervisor/conf.d/supervisord.conf" during parsing
2016-04-09 01:00:58,248 INFO RPC interface 'supervisor' initialized
2016-04-09 01:00:58,248 CRIT Server 'unix_http_server' running without any HTTP authentication checking
2016-04-09 01:00:58,249 INFO daemonizing the supervisord process
2016-04-09 01:25:05,022 CRIT Supervisor running as root (no user in config file)
2016-04-09 01:25:05,023 WARN Included extra file "/etc/supervisor/conf.d/supervisord.conf" during parsing
2016-04-09 01:25:05,039 INFO RPC interface 'supervisor' initialized
2016-04-09 01:25:05,039 CRIT Server 'unix_http_server' running without any HTTP authentication checking
2016-04-09 01:25:05,040 INFO daemonizing the supervisord process
2016-04-09 01:35:01,341 CRIT Supervisor running as root (no user in config file)
2016-04-09 01:35:01,341 WARN Included extra file "/etc/supervisor/conf.d/supervisord.conf" during parsing
2016-04-09 01:35:01,659 INFO RPC interface 'supervisor' initialized
2016-04-09 01:35:01,664 CRIT Server 'unix_http_server' running without any HTTP authentication checking
2016-04-09 01:35:15,734 CRIT Supervisor running as root (no user in config file)
2016-04-09 01:35:15,734 WARN Included extra file "/etc/supervisor/conf.d/supervisord.conf" during parsing
2016-04-09 01:35:16,058 INFO RPC interface 'supervisor' initialized
2016-04-09 01:35:16,058 CRIT Server 'unix_http_server' running without any HTTP authentication checking
2016-04-09 01:35:17,931 CRIT Supervisor running as root (no user in config file)
2016-04-09 01:35:17,931 WARN Included extra file "/etc/supervisor/conf.d/supervisord.conf" during parsing
2016-04-09 01:35:18,258 INFO RPC interface 'supervisor' initialized
2016-04-09 01:35:18,264 CRIT Server 'unix_http_server' running without any HTTP authentication checking
2016-04-09 01:35:18,265 INFO daemonizing the supervisord process
